<?xml version="1.0" encoding="UTF-8"?>
<testsuite xmlns:xsi="http://www.w3.org/2001/XMLSchema-instance" xsi:noNamespaceSchemaLocation="https://maven.apache.org/surefire/maven-surefire-plugin/xsd/surefire-test-report.xsd" version="3.0.2" name="com.javatechie.RealtimeNotificationApplicationTests" time="1.965" tests="1" errors="0" skipped="0" failures="0">
  <properties>
[...]
</properties>
  <testcase name="contextLoads" classname="com.javatechie.RealtimeNotificationApplicationTests" time="0.445">
    <system-out><![CDATA[21:32:47.846 [main] INFO org.springframework.test.context.support.AnnotationConfigContextLoaderUtils -- Could not detect default configuration classes for test class [com.javatechie.RealtimeNotificationApplicationTests]: RealtimeNotificationApplicationTests does not declare any static, non-private, non-final, nested classes annotated with @Configuration.
21:32:47.916 [main] INFO org.springframework.boot.test.context.SpringBootTestContextBootstrapper -- Found @SpringBootConfiguration com.javatechie.RealtimeNotificationApplication for test class com.javatechie.RealtimeNotificationApplicationTests
21:32:48.048 [main] INFO org.springframework.boot.devtools.restart.RestartApplicationListener -- Restart disabled due to context in which it is running

  .   ____          _            __ _ _
 /\\ / ___'_ __ _ _(_)_ __  __ _ \ \ \ \
( ( )\___ | '_ | '_| | '_ \/ _` | \ \ \ \
 \\/  ___)| |_)| | | | | || (_| |  ) ) ) )
  '  |____| .__|_| |_|_| |_\__, | / / / /
 =========|_|==============|___/=/_/_/_/

 :: Spring Boot ::                (v3.4.0)

2025-01-13T21:32:48.218+05:30  INFO 18580 --- [realtime-notification] [           main] c.j.RealtimeNotificationApplicationTests : Starting RealtimeNotificationApplicationTests using Java 17 with PID 18580 (started by mrgun in D:\spring-boot-websocket)
2025-01-13T21:32:48.219+05:30  INFO 18580 --- [realtime-notification] [           main] c.j.RealtimeNotificationApplicationTests : No active profile set, falling back to 1 default profile: "default"
2025-01-13T21:32:49.025+05:30  INFO 18580 --- [realtime-notification] [           main] o.s.b.a.w.s.WelcomePageHandlerMapping    : Adding welcome page template: index
2025-01-13T21:32:49.226+05:30  INFO 18580 --- [realtime-notification] [           main] o.s.m.s.b.SimpleBrokerMessageHandler     : Starting...
2025-01-13T21:32:49.228+05:30  INFO 18580 --- [realtime-notification] [           main] o.s.m.s.b.SimpleBrokerMessageHandler     : BrokerAvailabilityEvent[available=true, SimpleBrokerMessageHandler [org.springframework.messaging.simp.broker.DefaultSubscriptionRegistry@79eeff87]]
2025-01-13T21:32:49.228+05:30  INFO 18580 --- [realtime-notification] [           main] o.s.m.s.b.SimpleBrokerMessageHandler     : Started.
2025-01-13T21:32:49.233+05:30  INFO 18580 --- [realtime-notification] [           main] c.j.RealtimeNotificationApplicationTests : Started RealtimeNotificationApplicationTests in 1.195 seconds (process running for 1.853)
]]></system-out>
  </testcase>
</testsuite>